<?xml version="1.0" encoding="UTF-8"?>
<!-- Generated by org.testng.reporters.JUnitReportReporter -->
<testsuite hostname="DESKTOP-EC4GI3D" failures="0" tests="3" name="org.test.SoftAssert1" time="0.032" errors="0" timestamp="2022-04-08T19:12:29 IST" skipped="0">
  <testcase classname="org.test.SoftAssert1" name="tc3" time="0.004"/>
  <system-out/>
  <testcase classname="org.test.SoftAssert1" name="Tc2" time="0.008"/>
  <system-out/>
  <testcase classname="org.test.SoftAssert1" name="Tc1" time="0.020"/>
  <system-out/>
</testsuite> <!-- org.test.SoftAssert1 -->
