<?xml version="1.0" encoding="UTF-8"?>
<!-- Generated by org.testng.reporters.JUnitReportReporter -->
<testsuite hostname="DESKTOP-EC4GI3D" failures="0" tests="1" name="org.test.TestNg" time="0.114" errors="0" timestamp="2022-04-08T16:56:25 IST" skipped="0">
  <testcase classname="org.test.TestNg" name="test" time="0.114"/>
  <system-out/>
</testsuite> <!-- org.test.TestNg -->
