<?xml version="1.0" encoding="UTF-8"?>
<!-- Generated by org.testng.reporters.JUnitReportReporter -->
<testsuite hostname="DESKTOP-EC4GI3D" failures="0" tests="3" name="org.test.Test3" time="0.024" errors="0" timestamp="2022-04-08T17:12:48 IST" skipped="0">
  <testcase classname="org.test.Test3" name="Tc3" time="0.018"/>
  <system-out/>
  <testcase classname="org.test.Test3" name="Tc2" time="0.003"/>
  <system-out/>
  <testcase classname="org.test.Test3" name="Tc1" time="0.003"/>
  <system-out/>
</testsuite> <!-- org.test.Test3 -->
