<?xml version="1.0" encoding="UTF-8"?>
<!-- Generated by org.testng.reporters.JUnitReportReporter -->
<testsuite hostname="DESKTOP-EC4GI3D" failures="0" tests="1" name="org.test.PriorityTest" time="0.047" errors="0" timestamp="2022-04-08T17:18:47 IST" skipped="0">
  <testcase classname="org.test.PriorityTest" name="Tc1" time="0.047"/>
  <system-out/>
</testsuite> <!-- org.test.PriorityTest -->
